[2016-01-08 11:21:25,395] INFO Verifying properties (kafka.utils.VerifiableProperties)
[2016-01-08 11:21:25,439] INFO Property broker.id is overridden to 0 (kafka.utils.VerifiableProperties)
[2016-01-08 11:21:25,440] INFO Property log.cleaner.enable is overridden to false (kafka.utils.VerifiableProperties)
[2016-01-08 11:21:25,440] INFO Property log.dirs is overridden to /tmp/kafka-logs (kafka.utils.VerifiableProperties)
[2016-01-08 11:21:25,440] INFO Property log.retention.check.interval.ms is overridden to 300000 (kafka.utils.VerifiableProperties)
[2016-01-08 11:21:25,440] INFO Property log.retention.hours is overridden to 168 (kafka.utils.VerifiableProperties)
[2016-01-08 11:21:25,441] INFO Property log.segment.bytes is overridden to 1073741824 (kafka.utils.VerifiableProperties)
[2016-01-08 11:21:25,441] INFO Property num.io.threads is overridden to 8 (kafka.utils.VerifiableProperties)
[2016-01-08 11:21:25,441] INFO Property num.network.threads is overridden to 3 (kafka.utils.VerifiableProperties)
[2016-01-08 11:21:25,441] INFO Property num.partitions is overridden to 1 (kafka.utils.VerifiableProperties)
[2016-01-08 11:21:25,441] INFO Property num.recovery.threads.per.data.dir is overridden to 1 (kafka.utils.VerifiableProperties)
[2016-01-08 11:21:25,441] INFO Property port is overridden to 9092 (kafka.utils.VerifiableProperties)
[2016-01-08 11:21:25,442] INFO Property socket.receive.buffer.bytes is overridden to 102400 (kafka.utils.VerifiableProperties)
[2016-01-08 11:21:25,442] INFO Property socket.request.max.bytes is overridden to 104857600 (kafka.utils.VerifiableProperties)
[2016-01-08 11:21:25,442] INFO Property socket.send.buffer.bytes is overridden to 102400 (kafka.utils.VerifiableProperties)
[2016-01-08 11:21:25,442] INFO Property zookeeper.connect is overridden to localhost:2181 (kafka.utils.VerifiableProperties)
[2016-01-08 11:21:25,442] INFO Property zookeeper.connection.timeout.ms is overridden to 6000 (kafka.utils.VerifiableProperties)
[2016-01-08 11:21:25,520] INFO [Kafka Server 0], starting (kafka.server.KafkaServer)
[2016-01-08 11:21:25,535] INFO [Kafka Server 0], Connecting to zookeeper on localhost:2181 (kafka.server.KafkaServer)
[2016-01-08 11:21:26,060] INFO Log directory '/tmp/kafka-logs' not found, creating it. (kafka.log.LogManager)
[2016-01-08 11:21:26,106] INFO Loading logs. (kafka.log.LogManager)
[2016-01-08 11:21:26,127] INFO Logs loading complete. (kafka.log.LogManager)
[2016-01-08 11:21:26,128] INFO Starting log cleanup with a period of 300000 ms. (kafka.log.LogManager)
[2016-01-08 11:21:26,131] INFO Starting log flusher with a default period of 9223372036854775807 ms. (kafka.log.LogManager)
[2016-01-08 11:21:26,187] INFO Awaiting socket connections on 0.0.0.0:9092. (kafka.network.Acceptor)
[2016-01-08 11:21:26,188] INFO [Socket Server on Broker 0], Started (kafka.network.SocketServer)
[2016-01-08 11:21:26,342] INFO Will not load MX4J, mx4j-tools.jar is not in the classpath (kafka.utils.Mx4jLoader$)
[2016-01-08 11:21:26,431] INFO 0 successfully elected as leader (kafka.server.ZookeeperLeaderElector)
[2016-01-08 11:21:26,563] INFO Registered broker 0 at path /brokers/ids/0 with address akshaynayak-Inspiron-5521:9092. (kafka.utils.ZkUtils$)
[2016-01-08 11:21:26,581] INFO [Kafka Server 0], started (kafka.server.KafkaServer)
[2016-01-08 11:21:26,751] INFO New leader is 0 (kafka.server.ZookeeperLeaderElector$LeaderChangeListener)
[2016-01-08 11:22:52,340] INFO [ReplicaFetcherManager on broker 0] Removed fetcher for partitions [twitterstream,0] (kafka.server.ReplicaFetcherManager)
[2016-01-08 11:22:52,384] INFO Completed load of log twitterstream-0 with log end offset 0 (kafka.log.Log)
[2016-01-08 11:22:52,389] INFO Created log for partition [twitterstream,0] in /tmp/kafka-logs with properties {segment.index.bytes -> 10485760, file.delete.delay.ms -> 60000, segment.bytes -> 1073741824, flush.ms -> 9223372036854775807, delete.retention.ms -> 86400000, index.interval.bytes -> 4096, retention.bytes -> -1, min.insync.replicas -> 1, cleanup.policy -> delete, unclean.leader.election.enable -> true, segment.ms -> 604800000, max.message.bytes -> 1000012, flush.messages -> 9223372036854775807, min.cleanable.dirty.ratio -> 0.5, retention.ms -> 604800000, segment.jitter.ms -> 0}. (kafka.log.LogManager)
[2016-01-08 11:22:52,390] WARN Partition [twitterstream,0] on broker 0: No checkpointed highwatermark is found for partition [twitterstream,0] (kafka.cluster.Partition)
[2016-01-08 11:23:47,210] INFO Closing socket connection to /127.0.0.1. (kafka.network.Processor)
[2016-01-08 11:25:25,566] INFO [ReplicaFetcherManager on broker 0] Removed fetcher for partitions [twitterStream,0] (kafka.server.ReplicaFetcherManager)
[2016-01-08 11:25:25,576] INFO Completed load of log twitterStream-0 with log end offset 0 (kafka.log.Log)
[2016-01-08 11:25:25,580] INFO Created log for partition [twitterStream,0] in /tmp/kafka-logs with properties {segment.index.bytes -> 10485760, file.delete.delay.ms -> 60000, segment.bytes -> 1073741824, flush.ms -> 9223372036854775807, delete.retention.ms -> 86400000, index.interval.bytes -> 4096, retention.bytes -> -1, min.insync.replicas -> 1, cleanup.policy -> delete, unclean.leader.election.enable -> true, segment.ms -> 604800000, max.message.bytes -> 1000012, flush.messages -> 9223372036854775807, min.cleanable.dirty.ratio -> 0.5, retention.ms -> 604800000, segment.jitter.ms -> 0}. (kafka.log.LogManager)
[2016-01-08 11:25:25,581] WARN Partition [twitterStream,0] on broker 0: No checkpointed highwatermark is found for partition [twitterStream,0] (kafka.cluster.Partition)
[2016-01-08 11:26:01,933] INFO [Kafka Server 0], shutting down (kafka.server.KafkaServer)
[2016-01-08 11:26:01,944] INFO [Kafka Server 0], Starting controlled shutdown (kafka.server.KafkaServer)
[2016-01-08 11:26:02,949] INFO Closing socket connection to /127.0.0.1. (kafka.network.Processor)
[2016-01-08 11:26:02,950] INFO Closing socket connection to /127.0.0.1. (kafka.network.Processor)
[2016-01-08 11:26:02,951] INFO Closing socket connection to /127.0.0.1. (kafka.network.Processor)
[2016-01-08 11:27:02,378] INFO [Kafka Server 0], Controlled shutdown succeeded (kafka.server.KafkaServer)
[2016-01-08 11:27:02,379] INFO Closing socket connection to /127.0.0.1. (kafka.network.Processor)
[2016-01-08 11:27:02,380] INFO [Socket Server on Broker 0], Shutting down (kafka.network.SocketServer)
[2016-01-08 11:27:02,383] INFO [Socket Server on Broker 0], Shutdown completed (kafka.network.SocketServer)
[2016-01-08 11:27:02,384] INFO [Kafka Request Handler on Broker 0], shutting down (kafka.server.KafkaRequestHandlerPool)
[2016-01-08 11:27:02,385] INFO [Kafka Request Handler on Broker 0], shut down completely (kafka.server.KafkaRequestHandlerPool)
[2016-01-08 11:27:02,603] INFO [Replica Manager on Broker 0]: Shut down (kafka.server.ReplicaManager)
[2016-01-08 11:27:02,605] INFO [ReplicaFetcherManager on broker 0] shutting down (kafka.server.ReplicaFetcherManager)
[2016-01-08 11:27:02,608] INFO [ReplicaFetcherManager on broker 0] shutdown completed (kafka.server.ReplicaFetcherManager)
[2016-01-08 11:27:02,705] INFO [Replica Manager on Broker 0]: Shut down completely (kafka.server.ReplicaManager)
[2016-01-08 11:27:02,708] INFO Shutting down. (kafka.log.LogManager)
[2016-01-08 11:27:02,800] INFO Shutdown complete. (kafka.log.LogManager)
[2016-01-08 11:27:02,864] INFO [Kafka Server 0], shut down completed (kafka.server.KafkaServer)
[2016-01-08 11:27:33,253] INFO Verifying properties (kafka.utils.VerifiableProperties)
[2016-01-08 11:27:33,291] INFO Property broker.id is overridden to 0 (kafka.utils.VerifiableProperties)
[2016-01-08 11:27:33,291] INFO Property log.cleaner.enable is overridden to false (kafka.utils.VerifiableProperties)
[2016-01-08 11:27:33,291] INFO Property log.dirs is overridden to /tmp/kafka-logs (kafka.utils.VerifiableProperties)
[2016-01-08 11:27:33,291] INFO Property log.retention.check.interval.ms is overridden to 300000 (kafka.utils.VerifiableProperties)
[2016-01-08 11:27:33,291] INFO Property log.retention.hours is overridden to 168 (kafka.utils.VerifiableProperties)
[2016-01-08 11:27:33,292] INFO Property log.segment.bytes is overridden to 1073741824 (kafka.utils.VerifiableProperties)
[2016-01-08 11:27:33,292] INFO Property num.io.threads is overridden to 8 (kafka.utils.VerifiableProperties)
[2016-01-08 11:27:33,292] INFO Property num.network.threads is overridden to 3 (kafka.utils.VerifiableProperties)
[2016-01-08 11:27:33,292] INFO Property num.partitions is overridden to 1 (kafka.utils.VerifiableProperties)
[2016-01-08 11:27:33,292] INFO Property num.recovery.threads.per.data.dir is overridden to 1 (kafka.utils.VerifiableProperties)
[2016-01-08 11:27:33,293] INFO Property port is overridden to 9092 (kafka.utils.VerifiableProperties)
[2016-01-08 11:27:33,293] INFO Property socket.receive.buffer.bytes is overridden to 102400 (kafka.utils.VerifiableProperties)
[2016-01-08 11:27:33,293] INFO Property socket.request.max.bytes is overridden to 104857600 (kafka.utils.VerifiableProperties)
[2016-01-08 11:27:33,293] INFO Property socket.send.buffer.bytes is overridden to 102400 (kafka.utils.VerifiableProperties)
[2016-01-08 11:27:33,293] INFO Property zookeeper.connect is overridden to localhost:2181 (kafka.utils.VerifiableProperties)
[2016-01-08 11:27:33,294] INFO Property zookeeper.connection.timeout.ms is overridden to 6000 (kafka.utils.VerifiableProperties)
[2016-01-08 11:27:33,336] INFO [Kafka Server 0], starting (kafka.server.KafkaServer)
[2016-01-08 11:27:33,338] INFO [Kafka Server 0], Connecting to zookeeper on localhost:2181 (kafka.server.KafkaServer)
[2016-01-08 11:27:33,619] INFO Loading logs. (kafka.log.LogManager)
[2016-01-08 11:27:33,678] INFO Completed load of log twitterstream-0 with log end offset 2477 (kafka.log.Log)
[2016-01-08 11:27:33,684] INFO Completed load of log twitterStream-0 with log end offset 0 (kafka.log.Log)
[2016-01-08 11:27:33,687] INFO Logs loading complete. (kafka.log.LogManager)
[2016-01-08 11:27:33,688] INFO Starting log cleanup with a period of 300000 ms. (kafka.log.LogManager)
[2016-01-08 11:27:33,691] INFO Starting log flusher with a default period of 9223372036854775807 ms. (kafka.log.LogManager)
[2016-01-08 11:27:33,718] INFO Awaiting socket connections on 0.0.0.0:9092. (kafka.network.Acceptor)
[2016-01-08 11:27:33,719] INFO [Socket Server on Broker 0], Started (kafka.network.SocketServer)
[2016-01-08 11:27:33,778] INFO Will not load MX4J, mx4j-tools.jar is not in the classpath (kafka.utils.Mx4jLoader$)
[2016-01-08 11:27:33,827] INFO 0 successfully elected as leader (kafka.server.ZookeeperLeaderElector)
[2016-01-08 11:27:34,103] INFO New leader is 0 (kafka.server.ZookeeperLeaderElector$LeaderChangeListener)
[2016-01-08 11:27:34,103] INFO Registered broker 0 at path /brokers/ids/0 with address akshaynayak-Inspiron-5521:9092. (kafka.utils.ZkUtils$)
[2016-01-08 11:27:34,114] INFO [Kafka Server 0], started (kafka.server.KafkaServer)
[2016-01-08 11:27:34,311] INFO [ReplicaFetcherManager on broker 0] Removed fetcher for partitions [twitterStream,0],[twitterstream,0] (kafka.server.ReplicaFetcherManager)
[2016-01-08 11:27:34,363] INFO [ReplicaFetcherManager on broker 0] Removed fetcher for partitions [twitterStream,0],[twitterstream,0] (kafka.server.ReplicaFetcherManager)
[2016-01-08 11:28:03,487] INFO [Kafka Server 0], shutting down (kafka.server.KafkaServer)
[2016-01-08 11:28:03,488] INFO [Kafka Server 0], Starting controlled shutdown (kafka.server.KafkaServer)
[2016-01-08 11:33:15,868] INFO Verifying properties (kafka.utils.VerifiableProperties)
[2016-01-08 11:33:15,989] INFO Property broker.id is overridden to 0 (kafka.utils.VerifiableProperties)
[2016-01-08 11:33:15,990] INFO Property log.cleaner.enable is overridden to false (kafka.utils.VerifiableProperties)
[2016-01-08 11:33:15,990] INFO Property log.dirs is overridden to /tmp/kafka-logs (kafka.utils.VerifiableProperties)
[2016-01-08 11:33:15,990] INFO Property log.retention.check.interval.ms is overridden to 300000 (kafka.utils.VerifiableProperties)
[2016-01-08 11:33:15,990] INFO Property log.retention.hours is overridden to 168 (kafka.utils.VerifiableProperties)
[2016-01-08 11:33:15,990] INFO Property log.segment.bytes is overridden to 1073741824 (kafka.utils.VerifiableProperties)
[2016-01-08 11:33:15,991] INFO Property num.io.threads is overridden to 8 (kafka.utils.VerifiableProperties)
[2016-01-08 11:33:15,991] INFO Property num.network.threads is overridden to 3 (kafka.utils.VerifiableProperties)
[2016-01-08 11:33:15,991] INFO Property num.partitions is overridden to 1 (kafka.utils.VerifiableProperties)
[2016-01-08 11:33:15,991] INFO Property num.recovery.threads.per.data.dir is overridden to 1 (kafka.utils.VerifiableProperties)
[2016-01-08 11:33:15,991] INFO Property port is overridden to 9092 (kafka.utils.VerifiableProperties)
[2016-01-08 11:33:15,992] INFO Property socket.receive.buffer.bytes is overridden to 102400 (kafka.utils.VerifiableProperties)
[2016-01-08 11:33:15,992] INFO Property socket.request.max.bytes is overridden to 104857600 (kafka.utils.VerifiableProperties)
[2016-01-08 11:33:15,992] INFO Property socket.send.buffer.bytes is overridden to 102400 (kafka.utils.VerifiableProperties)
[2016-01-08 11:33:15,992] INFO Property zookeeper.connect is overridden to localhost:2181 (kafka.utils.VerifiableProperties)
[2016-01-08 11:33:15,992] INFO Property zookeeper.connection.timeout.ms is overridden to 6000 (kafka.utils.VerifiableProperties)
[2016-01-08 11:33:16,048] INFO [Kafka Server 0], starting (kafka.server.KafkaServer)
[2016-01-08 11:33:16,051] INFO [Kafka Server 0], Connecting to zookeeper on localhost:2181 (kafka.server.KafkaServer)
[2016-01-08 11:33:16,516] INFO Log directory '/tmp/kafka-logs' not found, creating it. (kafka.log.LogManager)
[2016-01-08 11:33:16,558] INFO Loading logs. (kafka.log.LogManager)
[2016-01-08 11:33:16,579] INFO Logs loading complete. (kafka.log.LogManager)
[2016-01-08 11:33:16,580] INFO Starting log cleanup with a period of 300000 ms. (kafka.log.LogManager)
[2016-01-08 11:33:16,584] INFO Starting log flusher with a default period of 9223372036854775807 ms. (kafka.log.LogManager)
[2016-01-08 11:33:16,613] INFO Awaiting socket connections on 0.0.0.0:9092. (kafka.network.Acceptor)
[2016-01-08 11:33:16,614] INFO [Socket Server on Broker 0], Started (kafka.network.SocketServer)
[2016-01-08 11:33:16,781] INFO Will not load MX4J, mx4j-tools.jar is not in the classpath (kafka.utils.Mx4jLoader$)
[2016-01-08 11:33:16,872] INFO 0 successfully elected as leader (kafka.server.ZookeeperLeaderElector)
[2016-01-08 11:33:17,026] INFO Registered broker 0 at path /brokers/ids/0 with address akshaynayak-Inspiron-5521:9092. (kafka.utils.ZkUtils$)
[2016-01-08 11:33:17,043] INFO [Kafka Server 0], started (kafka.server.KafkaServer)
[2016-01-08 11:33:17,230] INFO New leader is 0 (kafka.server.ZookeeperLeaderElector$LeaderChangeListener)
[2016-01-08 11:34:59,988] INFO [ReplicaFetcherManager on broker 0] Removed fetcher for partitions [twitterstream,0] (kafka.server.ReplicaFetcherManager)
[2016-01-08 11:35:00,033] INFO Completed load of log twitterstream-0 with log end offset 0 (kafka.log.Log)
[2016-01-08 11:35:00,039] INFO Created log for partition [twitterstream,0] in /tmp/kafka-logs with properties {segment.index.bytes -> 10485760, file.delete.delay.ms -> 60000, segment.bytes -> 1073741824, flush.ms -> 9223372036854775807, delete.retention.ms -> 86400000, index.interval.bytes -> 4096, retention.bytes -> -1, min.insync.replicas -> 1, cleanup.policy -> delete, unclean.leader.election.enable -> true, segment.ms -> 604800000, max.message.bytes -> 1000012, flush.messages -> 9223372036854775807, min.cleanable.dirty.ratio -> 0.5, retention.ms -> 604800000, segment.jitter.ms -> 0}. (kafka.log.LogManager)
[2016-01-08 11:35:00,040] WARN Partition [twitterstream,0] on broker 0: No checkpointed highwatermark is found for partition [twitterstream,0] (kafka.cluster.Partition)
[2016-01-08 11:35:29,367] INFO Closing socket connection to /127.0.0.1. (kafka.network.Processor)
[2016-01-08 11:36:54,010] INFO Closing socket connection to /127.0.0.1. (kafka.network.Processor)
[2016-01-08 11:36:54,016] INFO Closing socket connection to /127.0.0.1. (kafka.network.Processor)
[2016-01-08 11:36:54,045] INFO Closing socket connection to /127.0.0.1. (kafka.network.Processor)
[2016-01-08 11:37:00,123] INFO Closing socket connection to /127.0.0.1. (kafka.network.Processor)
[2016-01-08 11:37:00,126] INFO Closing socket connection to /127.0.0.1. (kafka.network.Processor)
[2016-01-08 11:37:01,710] INFO Closing socket connection to /127.0.0.1. (kafka.network.Processor)
[2016-01-08 11:37:02,604] INFO Closing socket connection to /127.0.0.1. (kafka.network.Processor)
[2016-01-08 11:37:10,008] INFO Closing socket connection to /127.0.0.1. (kafka.network.Processor)
[2016-01-08 11:37:10,013] INFO Closing socket connection to /127.0.0.1. (kafka.network.Processor)
[2016-01-08 11:37:10,372] INFO Closing socket connection to /127.0.0.1. (kafka.network.Processor)
[2016-01-08 11:37:11,258] INFO Closing socket connection to /127.0.0.1. (kafka.network.Processor)
[2016-01-08 11:37:20,007] INFO Closing socket connection to /127.0.0.1. (kafka.network.Processor)
[2016-01-08 11:37:20,012] INFO Closing socket connection to /127.0.0.1. (kafka.network.Processor)
[2016-01-08 11:37:20,310] INFO Closing socket connection to /127.0.0.1. (kafka.network.Processor)
[2016-01-08 11:37:21,139] INFO Closing socket connection to /127.0.0.1. (kafka.network.Processor)
[2016-01-08 11:37:30,008] INFO Closing socket connection to /127.0.0.1. (kafka.network.Processor)
[2016-01-08 11:37:30,013] INFO Closing socket connection to /127.0.0.1. (kafka.network.Processor)
[2016-01-08 11:37:30,342] INFO Closing socket connection to /127.0.0.1. (kafka.network.Processor)
[2016-01-08 11:37:31,086] INFO Closing socket connection to /127.0.0.1. (kafka.network.Processor)
[2016-01-08 11:37:40,003] INFO Closing socket connection to /127.0.0.1. (kafka.network.Processor)
[2016-01-08 11:37:40,005] INFO Closing socket connection to /127.0.0.1. (kafka.network.Processor)
[2016-01-08 11:37:40,289] INFO Closing socket connection to /127.0.0.1. (kafka.network.Processor)
[2016-01-08 11:37:40,995] INFO Closing socket connection to /127.0.0.1. (kafka.network.Processor)
[2016-01-08 11:37:50,006] INFO Closing socket connection to /127.0.0.1. (kafka.network.Processor)
[2016-01-08 11:37:50,009] INFO Closing socket connection to /127.0.0.1. (kafka.network.Processor)
[2016-01-08 11:37:50,312] INFO Closing socket connection to /127.0.0.1. (kafka.network.Processor)
[2016-01-08 11:37:51,057] INFO Closing socket connection to /127.0.0.1. (kafka.network.Processor)
[2016-01-08 11:38:00,003] INFO Closing socket connection to /127.0.0.1. (kafka.network.Processor)
[2016-01-08 11:38:00,005] INFO Closing socket connection to /127.0.0.1. (kafka.network.Processor)
[2016-01-08 11:38:00,278] INFO Closing socket connection to /127.0.0.1. (kafka.network.Processor)
[2016-01-08 11:38:00,928] INFO Closing socket connection to /127.0.0.1. (kafka.network.Processor)
[2016-01-08 11:38:10,003] INFO Closing socket connection to /127.0.0.1. (kafka.network.Processor)
[2016-01-08 11:38:10,005] INFO Closing socket connection to /127.0.0.1. (kafka.network.Processor)
[2016-01-08 11:38:10,264] INFO Closing socket connection to /127.0.0.1. (kafka.network.Processor)
[2016-01-08 11:38:10,938] INFO Closing socket connection to /127.0.0.1. (kafka.network.Processor)
[2016-01-08 11:38:20,006] INFO Closing socket connection to /127.0.0.1. (kafka.network.Processor)
[2016-01-08 11:38:20,010] INFO Closing socket connection to /127.0.0.1. (kafka.network.Processor)
[2016-01-08 11:38:20,304] INFO Closing socket connection to /127.0.0.1. (kafka.network.Processor)
[2016-01-08 11:38:20,955] INFO Closing socket connection to /127.0.0.1. (kafka.network.Processor)
[2016-01-08 11:38:30,004] INFO Closing socket connection to /127.0.0.1. (kafka.network.Processor)
[2016-01-08 11:38:30,008] INFO Closing socket connection to /127.0.0.1. (kafka.network.Processor)
[2016-01-08 11:38:30,266] INFO Closing socket connection to /127.0.0.1. (kafka.network.Processor)
[2016-01-08 11:38:30,879] INFO Closing socket connection to /127.0.0.1. (kafka.network.Processor)
[2016-01-08 11:38:40,005] INFO Closing socket connection to /127.0.0.1. (kafka.network.Processor)
[2016-01-08 11:38:40,009] INFO Closing socket connection to /127.0.0.1. (kafka.network.Processor)
[2016-01-08 11:38:50,006] INFO Closing socket connection to /127.0.0.1. (kafka.network.Processor)
[2016-01-08 11:38:50,011] INFO Closing socket connection to /127.0.0.1. (kafka.network.Processor)
[2016-01-08 11:38:50,278] INFO Closing socket connection to /127.0.0.1. (kafka.network.Processor)
[2016-01-08 11:38:50,910] INFO Closing socket connection to /127.0.0.1. (kafka.network.Processor)
[2016-01-08 11:40:22,436] INFO Closing socket connection to /127.0.0.1. (kafka.network.Processor)
[2016-01-08 11:40:22,436] INFO Closing socket connection to /127.0.0.1. (kafka.network.Processor)
[2016-01-08 11:40:22,442] INFO Closing socket connection to /127.0.0.1. (kafka.network.Processor)
[2016-01-08 11:41:16,692] INFO Closing socket connection to /127.0.0.1. (kafka.network.Processor)
[2016-01-08 11:41:41,967] INFO Closing socket connection to /127.0.0.1. (kafka.network.Processor)
[2016-01-08 11:41:41,972] INFO Closing socket connection to /127.0.0.1. (kafka.network.Processor)
[2016-01-08 11:41:41,986] INFO Closing socket connection to /127.0.0.1. (kafka.network.Processor)
[2016-01-08 11:41:50,051] INFO Closing socket connection to /127.0.0.1. (kafka.network.Processor)
[2016-01-08 11:41:50,053] INFO Closing socket connection to /127.0.0.1. (kafka.network.Processor)
[2016-01-08 11:41:51,107] INFO Closing socket connection to /127.0.0.1. (kafka.network.Processor)
[2016-01-08 11:41:52,005] INFO Closing socket connection to /127.0.0.1. (kafka.network.Processor)
[2016-01-08 11:42:00,004] INFO Closing socket connection to /127.0.0.1. (kafka.network.Processor)
[2016-01-08 11:42:00,006] INFO Closing socket connection to /127.0.0.1. (kafka.network.Processor)
[2016-01-08 11:42:00,477] INFO Closing socket connection to /127.0.0.1. (kafka.network.Processor)
[2016-01-08 11:42:01,602] INFO Closing socket connection to /127.0.0.1. (kafka.network.Processor)
[2016-01-08 11:42:10,003] INFO Closing socket connection to /127.0.0.1. (kafka.network.Processor)
[2016-01-08 11:42:10,005] INFO Closing socket connection to /127.0.0.1. (kafka.network.Processor)
[2016-01-08 11:42:10,484] INFO Closing socket connection to /127.0.0.1. (kafka.network.Processor)
[2016-01-08 11:42:11,322] INFO Closing socket connection to /127.0.0.1. (kafka.network.Processor)
[2016-01-08 11:42:20,003] INFO Closing socket connection to /127.0.0.1. (kafka.network.Processor)
[2016-01-08 11:42:20,005] INFO Closing socket connection to /127.0.0.1. (kafka.network.Processor)
[2016-01-08 11:42:20,281] INFO Closing socket connection to /127.0.0.1. (kafka.network.Processor)
[2016-01-08 11:42:21,026] INFO Closing socket connection to /127.0.0.1. (kafka.network.Processor)
[2016-01-08 11:42:30,006] INFO Closing socket connection to /127.0.0.1. (kafka.network.Processor)
[2016-01-08 11:42:30,011] INFO Closing socket connection to /127.0.0.1. (kafka.network.Processor)
[2016-01-08 11:42:30,321] INFO Closing socket connection to /127.0.0.1. (kafka.network.Processor)
[2016-01-08 11:42:30,978] INFO Closing socket connection to /127.0.0.1. (kafka.network.Processor)
[2016-01-08 11:42:40,005] INFO Closing socket connection to /127.0.0.1. (kafka.network.Processor)
[2016-01-08 11:42:40,009] INFO Closing socket connection to /127.0.0.1. (kafka.network.Processor)
[2016-01-08 11:42:40,357] INFO Closing socket connection to /127.0.0.1. (kafka.network.Processor)
[2016-01-08 11:42:41,009] INFO Closing socket connection to /127.0.0.1. (kafka.network.Processor)
[2016-01-08 11:42:50,002] INFO Closing socket connection to /127.0.0.1. (kafka.network.Processor)
[2016-01-08 11:42:50,005] INFO Closing socket connection to /127.0.0.1. (kafka.network.Processor)
[2016-01-08 11:42:50,272] INFO Closing socket connection to /127.0.0.1. (kafka.network.Processor)
[2016-01-08 11:42:50,945] INFO Closing socket connection to /127.0.0.1. (kafka.network.Processor)
[2016-01-08 11:43:00,007] INFO Closing socket connection to /127.0.0.1. (kafka.network.Processor)
[2016-01-08 11:43:00,011] INFO Closing socket connection to /127.0.0.1. (kafka.network.Processor)
[2016-01-08 11:43:00,341] INFO Closing socket connection to /127.0.0.1. (kafka.network.Processor)
[2016-01-08 11:43:00,996] INFO Closing socket connection to /127.0.0.1. (kafka.network.Processor)
[2016-01-08 11:43:10,006] INFO Closing socket connection to /127.0.0.1. (kafka.network.Processor)
[2016-01-08 11:43:10,010] INFO Closing socket connection to /127.0.0.1. (kafka.network.Processor)
[2016-01-08 11:43:10,319] INFO Closing socket connection to /127.0.0.1. (kafka.network.Processor)
[2016-01-08 11:43:11,009] INFO Closing socket connection to /127.0.0.1. (kafka.network.Processor)
[2016-01-08 11:43:20,006] INFO Closing socket connection to /127.0.0.1. (kafka.network.Processor)
[2016-01-08 11:43:20,010] INFO Closing socket connection to /127.0.0.1. (kafka.network.Processor)
[2016-01-08 11:43:20,276] INFO Closing socket connection to /127.0.0.1. (kafka.network.Processor)
[2016-01-08 11:43:20,889] INFO Closing socket connection to /127.0.0.1. (kafka.network.Processor)
[2016-01-08 11:43:30,006] INFO Closing socket connection to /127.0.0.1. (kafka.network.Processor)
[2016-01-08 11:43:30,010] INFO Closing socket connection to /127.0.0.1. (kafka.network.Processor)
[2016-01-08 11:43:30,304] INFO Closing socket connection to /127.0.0.1. (kafka.network.Processor)
[2016-01-08 11:43:30,907] INFO Closing socket connection to /127.0.0.1. (kafka.network.Processor)
[2016-01-08 11:43:40,005] INFO Closing socket connection to /127.0.0.1. (kafka.network.Processor)
[2016-01-08 11:43:40,008] INFO Closing socket connection to /127.0.0.1. (kafka.network.Processor)
[2016-01-08 11:43:40,258] INFO Closing socket connection to /127.0.0.1. (kafka.network.Processor)
[2016-01-08 11:43:40,861] INFO Closing socket connection to /127.0.0.1. (kafka.network.Processor)
[2016-01-08 11:45:45,556] INFO Closing socket connection to /127.0.0.1. (kafka.network.Processor)
[2016-01-08 11:45:45,558] INFO Closing socket connection to /127.0.0.1. (kafka.network.Processor)
[2016-01-08 11:45:45,558] INFO Closing socket connection to /127.0.0.1. (kafka.network.Processor)
[2016-01-08 11:45:45,564] INFO [Kafka Server 0], shutting down (kafka.server.KafkaServer)
[2016-01-08 11:45:45,565] INFO [Kafka Server 0], Starting controlled shutdown (kafka.server.KafkaServer)
