[2016-01-08 11:20:53,657] DEBUG preRegister called. Server=com.sun.jmx.mbeanserver.JmxMBeanServer@66b54ef7, name=log4j:logger=state.change.logger (state.change.logger)
[2016-01-08 11:22:52,143] TRACE Controller 0 epoch 1 changed partition [twitterstream,0] state from NonExistentPartition to NewPartition with assigned replicas 0 (state.change.logger)
[2016-01-08 11:22:52,150] TRACE Controller 0 epoch 1 changed state of replica 0 for partition [twitterstream,0] from NonExistentReplica to NewReplica (state.change.logger)
[2016-01-08 11:22:52,258] TRACE Controller 0 epoch 1 changed partition [twitterstream,0] from NewPartition to OnlinePartition with leader 0 (state.change.logger)
[2016-01-08 11:22:52,276] TRACE Controller 0 epoch 1 sending become-leader LeaderAndIsr request (Leader:0,ISR:0,LeaderEpoch:0,ControllerEpoch:1) with correlationId 7 to broker 0 for partition [twitterstream,0] (state.change.logger)
[2016-01-08 11:22:52,281] TRACE Controller 0 epoch 1 sending UpdateMetadata request (Leader:0,ISR:0,LeaderEpoch:0,ControllerEpoch:1) with correlationId 7 to broker 0 for partition [twitterstream,0] (state.change.logger)
[2016-01-08 11:22:52,286] TRACE Controller 0 epoch 1 changed state of replica 0 for partition [twitterstream,0] from NewReplica to OnlineReplica (state.change.logger)
[2016-01-08 11:22:52,311] TRACE Broker 0 received LeaderAndIsr request (LeaderAndIsrInfo:(Leader:0,ISR:0,LeaderEpoch:0,ControllerEpoch:1),ReplicationFactor:1),AllReplicas:0) correlation id 7 from controller 0 epoch 1 for partition [twitterstream,0] (state.change.logger)
[2016-01-08 11:22:52,318] TRACE Broker 0 handling LeaderAndIsr request correlationId 7 from controller 0 epoch 1 starting the become-leader transition for partition [twitterstream,0] (state.change.logger)
[2016-01-08 11:22:52,341] TRACE Broker 0 stopped fetchers as part of become-leader request from controller 0 epoch 1 with correlation id 7 for partition [twitterstream,0] (state.change.logger)
[2016-01-08 11:22:52,419] TRACE Broker 0 completed LeaderAndIsr request correlationId 7 from controller 0 epoch 1 for the become-leader transition for partition [twitterstream,0] (state.change.logger)
[2016-01-08 11:22:52,427] TRACE Controller 0 epoch 1 received response LeaderAndIsrResponse(7,Map((twitterstream,0) -> 0),0) for a request sent to broker id:0,host:akshaynayak-Inspiron-5521,port:9092 (state.change.logger)
[2016-01-08 11:22:52,479] TRACE Broker 0 cached leader info (LeaderAndIsrInfo:(Leader:0,ISR:0,LeaderEpoch:0,ControllerEpoch:1),ReplicationFactor:1),AllReplicas:0) for partition [twitterstream,0] in response to UpdateMetadata request sent by controller 0 epoch 1 with correlation id 7 (state.change.logger)
[2016-01-08 11:22:52,480] TRACE Controller 0 epoch 1 received response UpdateMetadataResponse(7,0) for a request sent to broker id:0,host:akshaynayak-Inspiron-5521,port:9092 (state.change.logger)
[2016-01-08 11:25:25,510] TRACE Controller 0 epoch 1 changed partition [twitterStream,0] state from NonExistentPartition to NewPartition with assigned replicas 0 (state.change.logger)
[2016-01-08 11:25:25,512] TRACE Controller 0 epoch 1 changed state of replica 0 for partition [twitterStream,0] from NonExistentReplica to NewReplica (state.change.logger)
[2016-01-08 11:25:25,563] TRACE Controller 0 epoch 1 changed partition [twitterStream,0] from NewPartition to OnlinePartition with leader 0 (state.change.logger)
[2016-01-08 11:25:25,563] TRACE Controller 0 epoch 1 sending become-leader LeaderAndIsr request (Leader:0,ISR:0,LeaderEpoch:0,ControllerEpoch:1) with correlationId 11 to broker 0 for partition [twitterStream,0] (state.change.logger)
[2016-01-08 11:25:25,564] TRACE Controller 0 epoch 1 sending UpdateMetadata request (Leader:0,ISR:0,LeaderEpoch:0,ControllerEpoch:1) with correlationId 11 to broker 0 for partition [twitterStream,0] (state.change.logger)
[2016-01-08 11:25:25,564] TRACE Broker 0 received LeaderAndIsr request (LeaderAndIsrInfo:(Leader:0,ISR:0,LeaderEpoch:0,ControllerEpoch:1),ReplicationFactor:1),AllReplicas:0) correlation id 11 from controller 0 epoch 1 for partition [twitterStream,0] (state.change.logger)
[2016-01-08 11:25:25,565] TRACE Controller 0 epoch 1 changed state of replica 0 for partition [twitterStream,0] from NewReplica to OnlineReplica (state.change.logger)
[2016-01-08 11:25:25,566] TRACE Broker 0 handling LeaderAndIsr request correlationId 11 from controller 0 epoch 1 starting the become-leader transition for partition [twitterStream,0] (state.change.logger)
[2016-01-08 11:25:25,566] TRACE Broker 0 stopped fetchers as part of become-leader request from controller 0 epoch 1 with correlation id 11 for partition [twitterStream,0] (state.change.logger)
[2016-01-08 11:25:25,581] TRACE Broker 0 completed LeaderAndIsr request correlationId 11 from controller 0 epoch 1 for the become-leader transition for partition [twitterStream,0] (state.change.logger)
[2016-01-08 11:25:25,582] TRACE Controller 0 epoch 1 received response LeaderAndIsrResponse(11,Map((twitterStream,0) -> 0),0) for a request sent to broker id:0,host:akshaynayak-Inspiron-5521,port:9092 (state.change.logger)
[2016-01-08 11:25:25,583] TRACE Broker 0 cached leader info (LeaderAndIsrInfo:(Leader:0,ISR:0,LeaderEpoch:0,ControllerEpoch:1),ReplicationFactor:1),AllReplicas:0) for partition [twitterStream,0] in response to UpdateMetadata request sent by controller 0 epoch 1 with correlation id 11 (state.change.logger)
[2016-01-08 11:25:25,584] TRACE Controller 0 epoch 1 received response UpdateMetadataResponse(11,0) for a request sent to broker id:0,host:akshaynayak-Inspiron-5521,port:9092 (state.change.logger)
[2016-01-08 11:27:01,063] DEBUG preRegister called. Server=com.sun.jmx.mbeanserver.JmxMBeanServer@753059df, name=log4j:logger=state.change.logger (state.change.logger)
[2016-01-08 11:27:33,986] TRACE Controller 0 epoch 2 started leader election for partition [twitterStream,0] (state.change.logger)
[2016-01-08 11:27:34,022] ERROR Controller 0 epoch 2 initiated state change for partition [twitterStream,0] from OfflinePartition to OnlinePartition failed (state.change.logger)
kafka.common.NoReplicaOnlineException: No replica for partition [twitterStream,0] is alive. Live brokers are: [Set()], Assigned replicas are: [List(0)]
	at kafka.controller.OfflinePartitionLeaderSelector.selectLeader(PartitionLeaderSelector.scala:75)
	at kafka.controller.PartitionStateMachine.electLeaderForPartition(PartitionStateMachine.scala:357)
	at kafka.controller.PartitionStateMachine.kafka$controller$PartitionStateMachine$$handleStateChange(PartitionStateMachine.scala:206)
	at kafka.controller.PartitionStateMachine$$anonfun$triggerOnlinePartitionStateChange$3.apply(PartitionStateMachine.scala:120)
	at kafka.controller.PartitionStateMachine$$anonfun$triggerOnlinePartitionStateChange$3.apply(PartitionStateMachine.scala:117)
	at scala.collection.TraversableLike$WithFilter$$anonfun$foreach$1.apply(TraversableLike.scala:772)
	at scala.collection.mutable.HashMap$$anonfun$foreach$1.apply(HashMap.scala:98)
	at scala.collection.mutable.HashMap$$anonfun$foreach$1.apply(HashMap.scala:98)
	at scala.collection.mutable.HashTable$class.foreachEntry(HashTable.scala:226)
	at scala.collection.mutable.HashMap.foreachEntry(HashMap.scala:39)
	at scala.collection.mutable.HashMap.foreach(HashMap.scala:98)
	at scala.collection.TraversableLike$WithFilter.foreach(TraversableLike.scala:771)
	at kafka.controller.PartitionStateMachine.triggerOnlinePartitionStateChange(PartitionStateMachine.scala:117)
	at kafka.controller.PartitionStateMachine.startup(PartitionStateMachine.scala:70)
	at kafka.controller.KafkaController.onControllerFailover(KafkaController.scala:314)
	at kafka.controller.KafkaController$$anonfun$1.apply$mcV$sp(KafkaController.scala:161)
	at kafka.server.ZookeeperLeaderElector.elect(ZookeeperLeaderElector.scala:81)
	at kafka.server.ZookeeperLeaderElector$$anonfun$startup$1.apply$mcZ$sp(ZookeeperLeaderElector.scala:49)
	at kafka.server.ZookeeperLeaderElector$$anonfun$startup$1.apply(ZookeeperLeaderElector.scala:47)
	at kafka.server.ZookeeperLeaderElector$$anonfun$startup$1.apply(ZookeeperLeaderElector.scala:47)
	at kafka.utils.Utils$.inLock(Utils.scala:535)
	at kafka.server.ZookeeperLeaderElector.startup(ZookeeperLeaderElector.scala:47)
	at kafka.controller.KafkaController$$anonfun$startup$1.apply$mcV$sp(KafkaController.scala:650)
	at kafka.controller.KafkaController$$anonfun$startup$1.apply(KafkaController.scala:646)
	at kafka.controller.KafkaController$$anonfun$startup$1.apply(KafkaController.scala:646)
	at kafka.utils.Utils$.inLock(Utils.scala:535)
	at kafka.controller.KafkaController.startup(KafkaController.scala:646)
	at kafka.server.KafkaServer.startup(KafkaServer.scala:117)
	at kafka.server.KafkaServerStartable.startup(KafkaServerStartable.scala:29)
	at kafka.Kafka$.main(Kafka.scala:46)
	at kafka.Kafka.main(Kafka.scala)
[2016-01-08 11:27:34,025] TRACE Controller 0 epoch 2 started leader election for partition [twitterstream,0] (state.change.logger)
[2016-01-08 11:27:34,053] ERROR Controller 0 epoch 2 initiated state change for partition [twitterstream,0] from OfflinePartition to OnlinePartition failed (state.change.logger)
kafka.common.NoReplicaOnlineException: No replica for partition [twitterstream,0] is alive. Live brokers are: [Set()], Assigned replicas are: [List(0)]
	at kafka.controller.OfflinePartitionLeaderSelector.selectLeader(PartitionLeaderSelector.scala:75)
	at kafka.controller.PartitionStateMachine.electLeaderForPartition(PartitionStateMachine.scala:357)
	at kafka.controller.PartitionStateMachine.kafka$controller$PartitionStateMachine$$handleStateChange(PartitionStateMachine.scala:206)
	at kafka.controller.PartitionStateMachine$$anonfun$triggerOnlinePartitionStateChange$3.apply(PartitionStateMachine.scala:120)
	at kafka.controller.PartitionStateMachine$$anonfun$triggerOnlinePartitionStateChange$3.apply(PartitionStateMachine.scala:117)
	at scala.collection.TraversableLike$WithFilter$$anonfun$foreach$1.apply(TraversableLike.scala:772)
	at scala.collection.mutable.HashMap$$anonfun$foreach$1.apply(HashMap.scala:98)
	at scala.collection.mutable.HashMap$$anonfun$foreach$1.apply(HashMap.scala:98)
	at scala.collection.mutable.HashTable$class.foreachEntry(HashTable.scala:226)
	at scala.collection.mutable.HashMap.foreachEntry(HashMap.scala:39)
	at scala.collection.mutable.HashMap.foreach(HashMap.scala:98)
	at scala.collection.TraversableLike$WithFilter.foreach(TraversableLike.scala:771)
	at kafka.controller.PartitionStateMachine.triggerOnlinePartitionStateChange(PartitionStateMachine.scala:117)
	at kafka.controller.PartitionStateMachine.startup(PartitionStateMachine.scala:70)
	at kafka.controller.KafkaController.onControllerFailover(KafkaController.scala:314)
	at kafka.controller.KafkaController$$anonfun$1.apply$mcV$sp(KafkaController.scala:161)
	at kafka.server.ZookeeperLeaderElector.elect(ZookeeperLeaderElector.scala:81)
	at kafka.server.ZookeeperLeaderElector$$anonfun$startup$1.apply$mcZ$sp(ZookeeperLeaderElector.scala:49)
	at kafka.server.ZookeeperLeaderElector$$anonfun$startup$1.apply(ZookeeperLeaderElector.scala:47)
	at kafka.server.ZookeeperLeaderElector$$anonfun$startup$1.apply(ZookeeperLeaderElector.scala:47)
	at kafka.utils.Utils$.inLock(Utils.scala:535)
	at kafka.server.ZookeeperLeaderElector.startup(ZookeeperLeaderElector.scala:47)
	at kafka.controller.KafkaController$$anonfun$startup$1.apply$mcV$sp(KafkaController.scala:650)
	at kafka.controller.KafkaController$$anonfun$startup$1.apply(KafkaController.scala:646)
	at kafka.controller.KafkaController$$anonfun$startup$1.apply(KafkaController.scala:646)
	at kafka.utils.Utils$.inLock(Utils.scala:535)
	at kafka.controller.KafkaController.startup(KafkaController.scala:646)
	at kafka.server.KafkaServer.startup(KafkaServer.scala:117)
	at kafka.server.KafkaServerStartable.startup(KafkaServerStartable.scala:29)
	at kafka.Kafka$.main(Kafka.scala:46)
	at kafka.Kafka.main(Kafka.scala)
[2016-01-08 11:27:34,164] TRACE Controller 0 epoch 2 sending UpdateMetadata request (Leader:0,ISR:0,LeaderEpoch:0,ControllerEpoch:1) with correlationId 3 to broker 0 for partition [twitterStream,0] (state.change.logger)
[2016-01-08 11:27:34,165] TRACE Controller 0 epoch 2 sending UpdateMetadata request (Leader:0,ISR:0,LeaderEpoch:0,ControllerEpoch:1) with correlationId 3 to broker 0 for partition [twitterstream,0] (state.change.logger)
[2016-01-08 11:27:34,176] TRACE Controller 0 epoch 2 changed state of replica 0 for partition [twitterStream,0] from ReplicaDeletionIneligible to OnlineReplica (state.change.logger)
[2016-01-08 11:27:34,177] TRACE Controller 0 epoch 2 changed state of replica 0 for partition [twitterstream,0] from ReplicaDeletionIneligible to OnlineReplica (state.change.logger)
[2016-01-08 11:27:34,180] TRACE Controller 0 epoch 2 sending become-leader LeaderAndIsr request (Leader:0,ISR:0,LeaderEpoch:0,ControllerEpoch:1) with correlationId 4 to broker 0 for partition [twitterStream,0] (state.change.logger)
[2016-01-08 11:27:34,180] TRACE Controller 0 epoch 2 sending become-leader LeaderAndIsr request (Leader:0,ISR:0,LeaderEpoch:0,ControllerEpoch:1) with correlationId 4 to broker 0 for partition [twitterstream,0] (state.change.logger)
[2016-01-08 11:27:34,181] TRACE Controller 0 epoch 2 sending UpdateMetadata request (Leader:0,ISR:0,LeaderEpoch:0,ControllerEpoch:1) with correlationId 4 to broker 0 for partition [twitterStream,0] (state.change.logger)
[2016-01-08 11:27:34,181] TRACE Controller 0 epoch 2 sending UpdateMetadata request (Leader:0,ISR:0,LeaderEpoch:0,ControllerEpoch:1) with correlationId 4 to broker 0 for partition [twitterstream,0] (state.change.logger)
[2016-01-08 11:27:34,181] TRACE Controller 0 epoch 2 started leader election for partition [twitterStream,0] (state.change.logger)
[2016-01-08 11:27:34,189] TRACE Broker 0 cached leader info (LeaderAndIsrInfo:(Leader:0,ISR:0,LeaderEpoch:0,ControllerEpoch:1),ReplicationFactor:1),AllReplicas:0) for partition [twitterStream,0] in response to UpdateMetadata request sent by controller 0 epoch 2 with correlation id 3 (state.change.logger)
[2016-01-08 11:27:34,189] TRACE Broker 0 cached leader info (LeaderAndIsrInfo:(Leader:0,ISR:0,LeaderEpoch:0,ControllerEpoch:1),ReplicationFactor:1),AllReplicas:0) for partition [twitterstream,0] in response to UpdateMetadata request sent by controller 0 epoch 2 with correlation id 3 (state.change.logger)
[2016-01-08 11:27:34,227] TRACE Controller 0 epoch 2 received response UpdateMetadataResponse(3,0) for a request sent to broker id:0,host:akshaynayak-Inspiron-5521,port:9092 (state.change.logger)
[2016-01-08 11:27:34,248] TRACE Controller 0 epoch 2 elected leader 0 for Offline partition [twitterStream,0] (state.change.logger)
[2016-01-08 11:27:34,251] TRACE Controller 0 epoch 2 changed partition [twitterStream,0] from OfflinePartition to OnlinePartition with leader 0 (state.change.logger)
[2016-01-08 11:27:34,251] TRACE Controller 0 epoch 2 started leader election for partition [twitterstream,0] (state.change.logger)
[2016-01-08 11:27:34,270] TRACE Controller 0 epoch 2 elected leader 0 for Offline partition [twitterstream,0] (state.change.logger)
[2016-01-08 11:27:34,271] TRACE Controller 0 epoch 2 changed partition [twitterstream,0] from OfflinePartition to OnlinePartition with leader 0 (state.change.logger)
[2016-01-08 11:27:34,272] TRACE Controller 0 epoch 2 sending become-leader LeaderAndIsr request (Leader:0,ISR:0,LeaderEpoch:1,ControllerEpoch:2) with correlationId 5 to broker 0 for partition [twitterStream,0] (state.change.logger)
[2016-01-08 11:27:34,272] TRACE Controller 0 epoch 2 sending become-leader LeaderAndIsr request (Leader:0,ISR:0,LeaderEpoch:1,ControllerEpoch:2) with correlationId 5 to broker 0 for partition [twitterstream,0] (state.change.logger)
[2016-01-08 11:27:34,273] TRACE Controller 0 epoch 2 sending UpdateMetadata request (Leader:0,ISR:0,LeaderEpoch:1,ControllerEpoch:2) with correlationId 5 to broker 0 for partition [twitterStream,0] (state.change.logger)
[2016-01-08 11:27:34,273] TRACE Controller 0 epoch 2 sending UpdateMetadata request (Leader:0,ISR:0,LeaderEpoch:1,ControllerEpoch:2) with correlationId 5 to broker 0 for partition [twitterstream,0] (state.change.logger)
[2016-01-08 11:27:34,298] TRACE Broker 0 received LeaderAndIsr request (LeaderAndIsrInfo:(Leader:0,ISR:0,LeaderEpoch:0,ControllerEpoch:1),ReplicationFactor:1),AllReplicas:0) correlation id 4 from controller 0 epoch 2 for partition [twitterStream,0] (state.change.logger)
[2016-01-08 11:27:34,298] TRACE Broker 0 received LeaderAndIsr request (LeaderAndIsrInfo:(Leader:0,ISR:0,LeaderEpoch:0,ControllerEpoch:1),ReplicationFactor:1),AllReplicas:0) correlation id 4 from controller 0 epoch 2 for partition [twitterstream,0] (state.change.logger)
[2016-01-08 11:27:34,308] TRACE Broker 0 handling LeaderAndIsr request correlationId 4 from controller 0 epoch 2 starting the become-leader transition for partition [twitterStream,0] (state.change.logger)
[2016-01-08 11:27:34,309] TRACE Broker 0 handling LeaderAndIsr request correlationId 4 from controller 0 epoch 2 starting the become-leader transition for partition [twitterstream,0] (state.change.logger)
[2016-01-08 11:27:34,312] TRACE Broker 0 stopped fetchers as part of become-leader request from controller 0 epoch 2 with correlation id 4 for partition [twitterStream,0] (state.change.logger)
[2016-01-08 11:27:34,313] TRACE Broker 0 stopped fetchers as part of become-leader request from controller 0 epoch 2 with correlation id 4 for partition [twitterstream,0] (state.change.logger)
[2016-01-08 11:27:34,349] TRACE Broker 0 completed LeaderAndIsr request correlationId 4 from controller 0 epoch 2 for the become-leader transition for partition [twitterStream,0] (state.change.logger)
[2016-01-08 11:27:34,349] TRACE Broker 0 completed LeaderAndIsr request correlationId 4 from controller 0 epoch 2 for the become-leader transition for partition [twitterstream,0] (state.change.logger)
[2016-01-08 11:27:34,356] TRACE Controller 0 epoch 2 received response LeaderAndIsrResponse(4,Map((twitterStream,0) -> 0, (twitterstream,0) -> 0),0) for a request sent to broker id:0,host:akshaynayak-Inspiron-5521,port:9092 (state.change.logger)
[2016-01-08 11:27:34,358] TRACE Broker 0 cached leader info (LeaderAndIsrInfo:(Leader:0,ISR:0,LeaderEpoch:0,ControllerEpoch:1),ReplicationFactor:1),AllReplicas:0) for partition [twitterStream,0] in response to UpdateMetadata request sent by controller 0 epoch 2 with correlation id 4 (state.change.logger)
[2016-01-08 11:27:34,358] TRACE Broker 0 cached leader info (LeaderAndIsrInfo:(Leader:0,ISR:0,LeaderEpoch:0,ControllerEpoch:1),ReplicationFactor:1),AllReplicas:0) for partition [twitterstream,0] in response to UpdateMetadata request sent by controller 0 epoch 2 with correlation id 4 (state.change.logger)
[2016-01-08 11:27:34,359] TRACE Controller 0 epoch 2 received response UpdateMetadataResponse(4,0) for a request sent to broker id:0,host:akshaynayak-Inspiron-5521,port:9092 (state.change.logger)
[2016-01-08 11:27:34,361] TRACE Broker 0 received LeaderAndIsr request (LeaderAndIsrInfo:(Leader:0,ISR:0,LeaderEpoch:1,ControllerEpoch:2),ReplicationFactor:1),AllReplicas:0) correlation id 5 from controller 0 epoch 2 for partition [twitterStream,0] (state.change.logger)
[2016-01-08 11:27:34,361] TRACE Broker 0 received LeaderAndIsr request (LeaderAndIsrInfo:(Leader:0,ISR:0,LeaderEpoch:1,ControllerEpoch:2),ReplicationFactor:1),AllReplicas:0) correlation id 5 from controller 0 epoch 2 for partition [twitterstream,0] (state.change.logger)
[2016-01-08 11:27:34,362] TRACE Broker 0 handling LeaderAndIsr request correlationId 5 from controller 0 epoch 2 starting the become-leader transition for partition [twitterStream,0] (state.change.logger)
[2016-01-08 11:27:34,362] TRACE Broker 0 handling LeaderAndIsr request correlationId 5 from controller 0 epoch 2 starting the become-leader transition for partition [twitterstream,0] (state.change.logger)
[2016-01-08 11:27:34,363] TRACE Broker 0 stopped fetchers as part of become-leader request from controller 0 epoch 2 with correlation id 5 for partition [twitterStream,0] (state.change.logger)
[2016-01-08 11:27:34,364] TRACE Broker 0 stopped fetchers as part of become-leader request from controller 0 epoch 2 with correlation id 5 for partition [twitterstream,0] (state.change.logger)
[2016-01-08 11:27:34,365] TRACE Broker 0 completed LeaderAndIsr request correlationId 5 from controller 0 epoch 2 for the become-leader transition for partition [twitterStream,0] (state.change.logger)
[2016-01-08 11:27:34,365] TRACE Broker 0 completed LeaderAndIsr request correlationId 5 from controller 0 epoch 2 for the become-leader transition for partition [twitterstream,0] (state.change.logger)
[2016-01-08 11:27:34,366] TRACE Controller 0 epoch 2 received response LeaderAndIsrResponse(5,Map((twitterStream,0) -> 0, (twitterstream,0) -> 0),0) for a request sent to broker id:0,host:akshaynayak-Inspiron-5521,port:9092 (state.change.logger)
[2016-01-08 11:27:34,368] TRACE Broker 0 cached leader info (LeaderAndIsrInfo:(Leader:0,ISR:0,LeaderEpoch:1,ControllerEpoch:2),ReplicationFactor:1),AllReplicas:0) for partition [twitterStream,0] in response to UpdateMetadata request sent by controller 0 epoch 2 with correlation id 5 (state.change.logger)
[2016-01-08 11:27:34,368] TRACE Broker 0 cached leader info (LeaderAndIsrInfo:(Leader:0,ISR:0,LeaderEpoch:1,ControllerEpoch:2),ReplicationFactor:1),AllReplicas:0) for partition [twitterstream,0] in response to UpdateMetadata request sent by controller 0 epoch 2 with correlation id 5 (state.change.logger)
[2016-01-08 11:27:34,369] TRACE Controller 0 epoch 2 received response UpdateMetadataResponse(5,0) for a request sent to broker id:0,host:akshaynayak-Inspiron-5521,port:9092 (state.change.logger)
[2016-01-08 11:32:52,664] DEBUG preRegister called. Server=com.sun.jmx.mbeanserver.JmxMBeanServer@753059df, name=log4j:logger=state.change.logger (state.change.logger)
[2016-01-08 11:34:59,779] TRACE Controller 0 epoch 1 changed partition [twitterstream,0] state from NonExistentPartition to NewPartition with assigned replicas 0 (state.change.logger)
[2016-01-08 11:34:59,785] TRACE Controller 0 epoch 1 changed state of replica 0 for partition [twitterstream,0] from NonExistentReplica to NewReplica (state.change.logger)
[2016-01-08 11:34:59,905] TRACE Controller 0 epoch 1 changed partition [twitterstream,0] from NewPartition to OnlinePartition with leader 0 (state.change.logger)
[2016-01-08 11:34:59,920] TRACE Controller 0 epoch 1 sending become-leader LeaderAndIsr request (Leader:0,ISR:0,LeaderEpoch:0,ControllerEpoch:1) with correlationId 7 to broker 0 for partition [twitterstream,0] (state.change.logger)
[2016-01-08 11:34:59,923] TRACE Controller 0 epoch 1 sending UpdateMetadata request (Leader:0,ISR:0,LeaderEpoch:0,ControllerEpoch:1) with correlationId 7 to broker 0 for partition [twitterstream,0] (state.change.logger)
[2016-01-08 11:34:59,927] TRACE Controller 0 epoch 1 changed state of replica 0 for partition [twitterstream,0] from NewReplica to OnlineReplica (state.change.logger)
[2016-01-08 11:34:59,956] TRACE Broker 0 received LeaderAndIsr request (LeaderAndIsrInfo:(Leader:0,ISR:0,LeaderEpoch:0,ControllerEpoch:1),ReplicationFactor:1),AllReplicas:0) correlation id 7 from controller 0 epoch 1 for partition [twitterstream,0] (state.change.logger)
[2016-01-08 11:34:59,973] TRACE Broker 0 handling LeaderAndIsr request correlationId 7 from controller 0 epoch 1 starting the become-leader transition for partition [twitterstream,0] (state.change.logger)
[2016-01-08 11:34:59,989] TRACE Broker 0 stopped fetchers as part of become-leader request from controller 0 epoch 1 with correlation id 7 for partition [twitterstream,0] (state.change.logger)
[2016-01-08 11:35:00,067] TRACE Broker 0 completed LeaderAndIsr request correlationId 7 from controller 0 epoch 1 for the become-leader transition for partition [twitterstream,0] (state.change.logger)
[2016-01-08 11:35:00,075] TRACE Controller 0 epoch 1 received response LeaderAndIsrResponse(7,Map((twitterstream,0) -> 0),0) for a request sent to broker id:0,host:akshaynayak-Inspiron-5521,port:9092 (state.change.logger)
[2016-01-08 11:35:00,130] TRACE Broker 0 cached leader info (LeaderAndIsrInfo:(Leader:0,ISR:0,LeaderEpoch:0,ControllerEpoch:1),ReplicationFactor:1),AllReplicas:0) for partition [twitterstream,0] in response to UpdateMetadata request sent by controller 0 epoch 1 with correlation id 7 (state.change.logger)
[2016-01-08 11:35:00,132] TRACE Controller 0 epoch 1 received response UpdateMetadataResponse(7,0) for a request sent to broker id:0,host:akshaynayak-Inspiron-5521,port:9092 (state.change.logger)
